{"@timestamp":"2023-01-11T19:59:21.289-05:00","@version":"1","message":"Starting PlenetariumBetaApplication using Java 11.0.17 on LAPTOP-R97TD24V with PID 22624 (C:\\Users\\hongy\\Desktop\\ProjectPlanetariumGamma\\ProjectPlanetarium-Beta\\target\\classes started by hongy in C:\\Users\\hongy\\Desktop\\ProjectPlanetariumGamma\\ProjectPlanetarium-Beta)","logger_name":"com.planetariumbeta.plenetariumbeta.PlenetariumBetaApplication","thread_name":"main","level":"INFO","level_value":20000}
{"@timestamp":"2023-01-11T19:59:21.317-05:00","@version":"1","message":"No active profile set, falling back to 1 default profile: \"default\"","logger_name":"com.planetariumbeta.plenetariumbeta.PlenetariumBetaApplication","thread_name":"main","level":"INFO","level_value":20000}
{"@timestamp":"2023-01-11T19:59:24.448-05:00","@version":"1","message":"Bootstrapping Spring Data JPA repositories in DEFAULT mode.","logger_name":"org.springframework.data.repository.config.RepositoryConfigurationDelegate","thread_name":"main","level":"INFO","level_value":20000}
{"@timestamp":"2023-01-11T19:59:24.602-05:00","@version":"1","message":"Finished Spring Data repository scanning in 102 ms. Found 3 JPA repository interfaces.","logger_name":"org.springframework.data.repository.config.RepositoryConfigurationDelegate","thread_name":"main","level":"INFO","level_value":20000}
{"@timestamp":"2023-01-11T19:59:25.804-05:00","@version":"1","message":"Tomcat initialized with port(s): 8080 (http)","logger_name":"org.springframework.boot.web.embedded.tomcat.TomcatWebServer","thread_name":"main","level":"INFO","level_value":20000}
{"@timestamp":"2023-01-11T19:59:25.841-05:00","@version":"1","message":"Initializing ProtocolHandler [\"http-nio-8080\"]","logger_name":"org.apache.coyote.http11.Http11NioProtocol","thread_name":"main","level":"INFO","level_value":20000}
{"@timestamp":"2023-01-11T19:59:25.846-05:00","@version":"1","message":"Starting service [Tomcat]","logger_name":"org.apache.catalina.core.StandardService","thread_name":"main","level":"INFO","level_value":20000}
{"@timestamp":"2023-01-11T19:59:25.847-05:00","@version":"1","message":"Starting Servlet engine: [Apache Tomcat/9.0.65]","logger_name":"org.apache.catalina.core.StandardEngine","thread_name":"main","level":"INFO","level_value":20000}
{"@timestamp":"2023-01-11T19:59:26.26-05:00","@version":"1","message":"Initializing Spring embedded WebApplicationContext","logger_name":"org.apache.catalina.core.ContainerBase.[Tomcat].[localhost].[/]","thread_name":"main","level":"INFO","level_value":20000}
{"@timestamp":"2023-01-11T19:59:26.26-05:00","@version":"1","message":"Root WebApplicationContext: initialization completed in 4861 ms","logger_name":"org.springframework.boot.web.servlet.context.ServletWebServerApplicationContext","thread_name":"main","level":"INFO","level_value":20000}
{"@timestamp":"2023-01-11T19:59:27.268-05:00","@version":"1","message":"HikariPool-1 - Starting...","logger_name":"com.zaxxer.hikari.HikariDataSource","thread_name":"main","level":"INFO","level_value":20000}
{"@timestamp":"2023-01-11T19:59:28.046-05:00","@version":"1","message":"HikariPool-1 - Start completed.","logger_name":"com.zaxxer.hikari.HikariDataSource","thread_name":"main","level":"INFO","level_value":20000}
{"@timestamp":"2023-01-11T19:59:28.162-05:00","@version":"1","message":"HHH000204: Processing PersistenceUnitInfo [name: default]","logger_name":"org.hibernate.jpa.internal.util.LogHelper","thread_name":"main","level":"INFO","level_value":20000}
{"@timestamp":"2023-01-11T19:59:28.324-05:00","@version":"1","message":"HHH000412: Hibernate ORM core version 5.6.11.Final","logger_name":"org.hibernate.Version","thread_name":"main","level":"INFO","level_value":20000}
{"@timestamp":"2023-01-11T19:59:28.802-05:00","@version":"1","message":"HCANN000001: Hibernate Commons Annotations {5.1.2.Final}","logger_name":"org.hibernate.annotations.common.Version","thread_name":"main","level":"INFO","level_value":20000}
{"@timestamp":"2023-01-11T19:59:29.165-05:00","@version":"1","message":"HHH000400: Using dialect: org.hibernate.dialect.PostgreSQL10Dialect","logger_name":"org.hibernate.dialect.Dialect","thread_name":"main","level":"INFO","level_value":20000}
{"@timestamp":"2023-01-11T19:59:30.289-05:00","@version":"1","message":"HHH000490: Using JtaPlatform implementation: [org.hibernate.engine.transaction.jta.platform.internal.NoJtaPlatform]","logger_name":"org.hibernate.engine.transaction.jta.platform.internal.JtaPlatformInitiator","thread_name":"main","level":"INFO","level_value":20000}
{"@timestamp":"2023-01-11T19:59:30.304-05:00","@version":"1","message":"Initialized JPA EntityManagerFactory for persistence unit 'default'","logger_name":"org.springframework.orm.jpa.LocalContainerEntityManagerFactoryBean","thread_name":"main","level":"INFO","level_value":20000}
{"@timestamp":"2023-01-11T19:59:31.648-05:00","@version":"1","message":"spring.jpa.open-in-view is enabled by default. Therefore, database queries may be performed during view rendering. Explicitly configure spring.jpa.open-in-view to disable this warning","logger_name":"org.springframework.boot.autoconfigure.orm.jpa.JpaBaseConfiguration$JpaWebConfiguration","thread_name":"main","level":"WARN","level_value":30000}
{"@timestamp":"2023-01-11T19:59:32.989-05:00","@version":"1","message":"Exposing 3 endpoint(s) beneath base path '/actuator'","logger_name":"org.springframework.boot.actuate.endpoint.web.EndpointLinksResolver","thread_name":"main","level":"INFO","level_value":20000}
{"@timestamp":"2023-01-11T19:59:33.09-05:00","@version":"1","message":"Starting ProtocolHandler [\"http-nio-8080\"]","logger_name":"org.apache.coyote.http11.Http11NioProtocol","thread_name":"main","level":"INFO","level_value":20000}
{"@timestamp":"2023-01-11T19:59:33.145-05:00","@version":"1","message":"Tomcat started on port(s): 8080 (http) with context path ''","logger_name":"org.springframework.boot.web.embedded.tomcat.TomcatWebServer","thread_name":"main","level":"INFO","level_value":20000}
{"@timestamp":"2023-01-11T19:59:33.174-05:00","@version":"1","message":"Started PlenetariumBetaApplication in 12.98 seconds (JVM running for 14.918)","logger_name":"com.planetariumbeta.plenetariumbeta.PlenetariumBetaApplication","thread_name":"main","level":"INFO","level_value":20000}
{"@timestamp":"2023-01-11T19:59:33.933-05:00","@version":"1","message":"Initializing Spring DispatcherServlet 'dispatcherServlet'","logger_name":"org.apache.catalina.core.ContainerBase.[Tomcat].[localhost].[/]","thread_name":"http-nio-8080-exec-1","level":"INFO","level_value":20000}
{"@timestamp":"2023-01-11T19:59:33.933-05:00","@version":"1","message":"Initializing Servlet 'dispatcherServlet'","logger_name":"org.springframework.web.servlet.DispatcherServlet","thread_name":"http-nio-8080-exec-1","level":"INFO","level_value":20000}
{"@timestamp":"2023-01-11T19:59:33.935-05:00","@version":"1","message":"Completed initialization in 2 ms","logger_name":"org.springframework.web.servlet.DispatcherServlet","thread_name":"http-nio-8080-exec-1","level":"INFO","level_value":20000}
{"@timestamp":"2023-01-11T19:59:34.266-05:00","@version":"1","message":"Creation of SecureRandom instance for session ID generation using [SHA1PRNG] took [263] milliseconds.","logger_name":"org.apache.catalina.util.SessionIdGeneratorBase","thread_name":"http-nio-8080-exec-1","level":"WARN","level_value":30000,"METHOD":"POST","URI":"/login"}
